<?xml version="1.0" encoding="UTF-8"?>
<testng-results ignored="5" total="6" passed="1" failed="0" skipped="0">
  <reporter-output>
  </reporter-output>
  <suite started-at="2021-12-26T07:45:01 IST" name="Default suite" finished-at="2021-12-26T07:45:01 IST" duration-ms="47">
    <groups>
    </groups>
    <test started-at="2021-12-26T07:45:01 IST" name="Default test" finished-at="2021-12-26T07:45:01 IST" duration-ms="47">
      <class name="POM_TestNG.KeyWord">
        <test-method signature="ab()[pri:0, instance:POM_TestNG.KeyWord@1f97cf0d]" started-at="2021-12-26T07:45:01 IST" name="ab" finished-at="2021-12-26T07:45:01 IST" duration-ms="6" status="PASS">
          <reporter-output>
          </reporter-output>
        </test-method> <!-- ab -->
      </class> <!-- POM_TestNG.KeyWord -->
    </test> <!-- Default test -->
  </suite> <!-- Default suite -->
</testng-results>
