<?xml version="1.0" encoding="UTF-8"?>
<!-- Generated by org.testng.reporters.JUnitXMLReporter -->
<testsuite ignored="2" hostname="DESKTOP-6VP4L9M" failures="1" tests="1" name="Test" time="0.044" errors="0" timestamp="2021-12-29T07:33:19 IST">
  <testcase classname="Testing.Validation_Login_Test" name="correct" time="0.0">
    <failure type="org.testng.TestNGException" message="
Cannot inject @Test annotated Method [correct] with [interface org.openqa.selenium.WebDriver].
For more information on native dependency injection please refer to https://testng.org/doc/documentation-main.html#native-dependency-injection">
      <![CDATA[org.testng.TestNGException: 
Cannot inject @Test annotated Method [correct] with [interface org.openqa.selenium.WebDriver].
For more information on native dependency injection please refer to https://testng.org/doc/documentation-main.html#native-dependency-injection
at java.base/java.util.ArrayList.forEach(ArrayList.java:1511)
... Removed 26 stack frames]]>
    </failure>
  </testcase> <!-- correct -->
  <testcase classname="Testing.Validation_Login_Test" name="blank" time="0.0">
    <ignored/>
  </testcase> <!-- blank -->
  <testcase classname="Testing.Validation_Login_Test" name="Incorrect" time="0.0">
    <ignored/>
  </testcase> <!-- Incorrect -->
</testsuite> <!-- Test -->
