<?xml version="1.0" encoding="UTF-8"?>
<!-- Generated by org.testng.reporters.JUnitXMLReporter -->
<testsuite ignored="0" hostname="DESKTOP-6VP4L9M" failures="0" tests="10" name="Default test" time="0.086" errors="0" timestamp="2024-12-03T18:21:53 IST">
  <testcase classname="logical_Program_IMP.string_sample_program" name="printEachWord" time="0.014"/>
  <testcase classname="logical_Program_IMP.string_sample_program" name="upperCaseLetter" time="0.001"/>
  <testcase classname="logical_Program_IMP.string_sample_program" name="lowerCaseLetter" time="0.002"/>
  <testcase classname="logical_Program_IMP.string_sample_program" name="printChracterAndDigit" time="0.002"/>
  <testcase classname="logical_Program_IMP.string_sample_program" name="stringWithoutWhiteSpace" time="0.004"/>
  <testcase classname="logical_Program_IMP.string_sample_program" name="removeWhiteSpace" time="0.002"/>
  <testcase classname="logical_Program_IMP.string_sample_program" name="allSeprate" time="0.001"/>
  <testcase classname="logical_Program_IMP.string_sample_program" name="uppercaseAndLowercase" time="0.0"/>
  <testcase classname="logical_Program_IMP.string_sample_program" name="eachFirstLetterUppercase" time="0.001"/>
  <testcase classname="logical_Program_IMP.string_sample_program" name="eachFirstLetterLowercase" time="0.003"/>
</testsuite> <!-- Default test -->
