<?xml version="1.0" encoding="UTF-8"?>
<testng-results ignored="0" total="1" passed="1" failed="0" skipped="0">
  <reporter-output>
  </reporter-output>
  <suite started-at="2021-12-22T08:15:23 IST" name="Default suite" finished-at="2021-12-22T08:15:30 IST" duration-ms="7290">
    <groups>
    </groups>
    <test started-at="2021-12-22T08:15:23 IST" name="Default test" finished-at="2021-12-22T08:15:30 IST" duration-ms="7290">
      <class name="zerodaloginBY.login_byPOM">
        <test-method signature="correct_idpw()[pri:0, instance:zerodaloginBY.login_byPOM@2abf4075]" started-at="2021-12-22T08:15:23 IST" name="correct_idpw" finished-at="2021-12-22T08:15:30 IST" duration-ms="7234" status="PASS">
          <reporter-output>
          </reporter-output>
        </test-method> <!-- correct_idpw -->
      </class> <!-- zerodaloginBY.login_byPOM -->
    </test> <!-- Default test -->
  </suite> <!-- Default suite -->
</testng-results>
