<?xml version="1.0" encoding="UTF-8"?>
<!-- Generated by org.testng.reporters.JUnitXMLReporter -->
<testsuite ignored="1" hostname="DESKTOP-6VP4L9M" failures="1" tests="5" name="Test" time="45.377" errors="0" timestamp="2021-12-21T22:22:25 IST">
  <testcase classname="Testing_homepage.Test_Ng_Annotations" name="Login_withoutwrong" time="13.842"/>
  <testcase classname="Testing_homepage.Zeroda_Test_buy_Sell" name="Buy" time="7.607"/>
  <testcase classname="Testing_homepage.Zeroda_Test_buy_Sell" name="Sell" time="8.061"/>
  <testcase classname="zerodaloginBY.login_byPOM" name="correct_idpw" time="0.0">
    <failure type="org.testng.TestNGException" message="
Cannot inject @Test annotated Method [correct_idpw] with [interface org.openqa.selenium.WebDriver].
For more information on native dependency injection please refer to https://testng.org/doc/documentation-main.html#native-dependency-injection">
      <![CDATA[org.testng.TestNGException: 
Cannot inject @Test annotated Method [correct_idpw] with [interface org.openqa.selenium.WebDriver].
For more information on native dependency injection please refer to https://testng.org/doc/documentation-main.html#native-dependency-injection
at java.base/java.util.ArrayList.forEach(ArrayList.java:1511)
... Removed 26 stack frames]]>
    </failure>
  </testcase> <!-- correct_idpw -->
  <testcase classname="zerodaloginBY.login_byPOM" name="test" time="0.001"/>
  <testcase classname="Testing_homepage.Test_Ng_Annotations" name="Login_zeroda" time="0.0">
    <ignored/>
  </testcase> <!-- Login_zeroda -->
</testsuite> <!-- Test -->
